c[?7l[2J[0mSeaBIOS (version 1.12.0-20181126_142135-anatol)


iPXE (http://ipxe.org) 00:03.0 C980 PCI2.10 PnP PMM+0FF92230+0FEF2230 C980
Press Ctrl-B to configure iPXE (PCI 00:03.0)...                                                                               




iPXE (http://ipxe.org) 00:04.0 CA80 PCI2.10 PnP PMM 0FF92230 0FEF2230 CA80
Press Ctrl-B to configure iPXE (PCI 00:04.0)...                                                                               


Booting from Hard Disk...
Boot failed: could not read the boot disk

Booting from Floppy...
Loading EPOS ..... done;
This is EPOS
Setting up this machine as follows: 
  Processor:    1 x IA32 at 1993 MHz (BUS clock = 125 MHz)
  Memory:       262144 Kbytes [0x00000000:0x10000000]
  User memory:  261820 Kbytes [0x00000000:0x0ffaf000]
  PCI aperture: 28488 Kbytes [0xfd000000:0xfebd2020]
  Node Id:      will get from the network!
  Space:        (10,10,0)
  Setup:        21760 bytes
  APP code:     77904 bytes	data: 704 bytes
IP Test Program
Sizes:
  NIC::Header => 14
  IP::Header => 20
  UDP::Header => 8
ICMP Test
  IP: a.0.1.9
  MAC: 56:34:12:0:54:9
Sender:
  Data: 0x0ffae948
  Data: 0x0ffae948
  Data: 0x0ffae948
Statistics
Tx Packets: 5
Tx Bytes:   308
Rx Packets: 2
Rx Bytes:   92
UDP Test
  IP: a.0.1.9
  MAC: 56:34:12:0:54:9
Sender:
  Data: 
 000000 0000008 0000016 0000024 0000032 0000040 0000048 0000056 0000064 0000072 
0000080 0000088 0000096 0000104 0000112 0000120 0000128 0000136 0000144 0000152 
0000160 0000168 0000176 0000184 0000192 0000200 0000208 0000216 0000224 0000232 
0000240 0000248 0000256 0000264 0000272 0000280 0000288 0000296 0000304 0000312 
0000320 0000328 0000336 0000344 0000352 0000360 0000368 0000376 0000384 0000392 
0000400 0000408 0000416 0000424 0000432 0000440 0000448 0000456 0000464 0000472 
0000480 0000488 0000496 0000504 0000512 0000520 0000528 0000536 0000544 0000552 
0000560 0000568 0000576 0000584 0000592 0000600 0000608 0000616 0000624 0000632 
0000640 0000648 0000656 0000664 0000672 0000680 0000688 0000696 0000704 0000712 
0000720 0000728 0000736 0000744 0000752 0000760 0000768 0000776 0000784 0000792 
0000800 0000808 0000816 0000824 0000832 0000840 0000848 0000856 0000864 0000872 
0000880 0000888 0000896 0000904 0000912 0000920 0000928 0000936 0000944 0000952 
0000960 0000968 0000976 0000984 0000992 0001000 0001008 0001016 0001024 0001032 
0001040 0001048 0001056 0001064 0001072 0001080 0001088 0001096 0001104 0001112 
0001120 0001128 0001136 0001144 0001152 0001160 0001168 0001176 0001184 0001192 
0001200 0001208 0001216 0001224 0001232 0001240 0001248 0001256 0001264 0001272 
0001280 0001288 0001296 0001304 0001312 0001320 0001328 0001336 0001344 0001352 
0001360 0001368 0001376 0001384 0001392 0001400 0001408 0001416 0001424 0001432 
0001440 0001448 0001456 0001464 0001472 0001480 0001488 0001496 0001504 0001512 
0001520 0001528 0001536 0001544 0001552 0001560 0001568 0001576 0001584 0001592 
0001600 0001608 0001616 0001624 0001632 0001640 0001648 0001656 0001664 0001672 
0001680 0001688 0001696 0001704 0001712 0001720 0001728 0001736 0001744 0001752 
0001760 0001768 0001776 0001784 0001792 0001800 0001808 0001816 0001824 0001832 
0001840 0001848 0001856 0001864 0001872 0001880 0001888 0001896 0001904 0001912 
0001920 0001928 0001936 0001944 0001952 0001960 0001968 0001976 0001984 00000

  Data: 
 111111 1000008 1000016 1000024 1000032 1000040 1000048 1000056 1000064 1000072 
1000080 1000088 1000096 1000104 1000112 1000120 1000128 1000136 1000144 1000152 
1000160 1000168 1000176 1000184 1000192 1000200 1000208 1000216 1000224 1000232 
1000240 1000248 1000256 1000264 1000272 1000280 1000288 1000296 1000304 1000312 
1000320 1000328 1000336 1000344 1000352 1000360 1000368 1000376 1000384 1000392 
1000400 1000408 1000416 1000424 1000432 1000440 1000448 1000456 1000464 1000472 
1000480 1000488 1000496 1000504 1000512 1000520 1000528 1000536 1000544 1000552 
1000560 1000568 1000576 1000584 1000592 1000600 1000608 1000616 1000624 1000632 
1000640 1000648 1000656 1000664 1000672 1000680 1000688 1000696 1000704 1000712 
1000720 1000728 1000736 1000744 1000752 1000760 1000768 1000776 1000784 1000792 
1000800 1000808 1000816 1000824 1000832 1000840 1000848 1000856 1000864 1000872 
1000880 1000888 1000896 1000904 1000912 1000920 1000928 1000936 1000944 1000952 
1000960 1000968 1000976 1000984 1000992 1001000 1001008 1001016 1001024 1001032 
1001040 1001048 1001056 1001064 1001072 1001080 1001088 1001096 1001104 1001112 
1001120 1001128 1001136 1001144 1001152 1001160 1001168 1001176 1001184 1001192 
1001200 1001208 1001216 1001224 1001232 1001240 1001248 1001256 1001264 1001272 
1001280 1001288 1001296 1001304 1001312 1001320 1001328 1001336 1001344 1001352 
1001360 1001368 1001376 1001384 1001392 1001400 1001408 1001416 1001424 1001432 
1001440 1001448 1001456 1001464 1001472 1001480 1001488 1001496 1001504 1001512 
1001520 1001528 1001536 1001544 1001552 1001560 1001568 1001576 1001584 1001592 
1001600 1001608 1001616 1001624 1001632 1001640 1001648 1001656 1001664 1001672 
1001680 1001688 1001696 1001704 1001712 1001720 1001728 1001736 1001744 1001752 
1001760 1001768 1001776 1001784 1001792 1001800 1001808 1001816 1001824 1001832 
1001840 1001848 1001856 1001864 1001872 1001880 1001888 1001896 1001904 1001912 
1001920 1001928 1001936 1001944 1001952 1001960 1001968 1001976 1001984 11111

  Data: 
 222222 2000008 2000016 2000024 2000032 2000040 2000048 2000056 2000064 2000072 
2000080 2000088 2000096 2000104 2000112 2000120 2000128 2000136 2000144 2000152 
2000160 2000168 2000176 2000184 2000192 2000200 2000208 2000216 2000224 2000232 
2000240 2000248 2000256 2000264 2000272 2000280 2000288 2000296 2000304 2000312 
2000320 2000328 2000336 2000344 2000352 2000360 2000368 2000376 2000384 2000392 
2000400 2000408 2000416 2000424 2000432 2000440 2000448 2000456 2000464 2000472 
2000480 2000488 2000496 2000504 2000512 2000520 2000528 2000536 2000544 2000552 
2000560 2000568 2000576 2000584 2000592 2000600 2000608 2000616 2000624 2000632 
2000640 2000648 2000656 2000664 2000672 2000680 2000688 2000696 2000704 2000712 
2000720 2000728 2000736 2000744 2000752 2000760 2000768 2000776 2000784 2000792 
2000800 2000808 2000816 2000824 2000832 2000840 2000848 2000856 2000864 2000872 
2000880 2000888 2000896 2000904 2000912 2000920 2000928 2000936 2000944 2000952 
2000960 2000968 2000976 2000984 2000992 2001000 2001008 2001016 2001024 2001032 
2001040 2001048 2001056 2001064 2001072 2001080 2001088 2001096 2001104 2001112 
2001120 2001128 2001136 2001144 2001152 2001160 2001168 2001176 2001184 2001192 
2001200 2001208 2001216 2001224 2001232 2001240 2001248 2001256 2001264 2001272 
2001280 2001288 2001296 2001304 2001312 2001320 2001328 2001336 2001344 2001352 
2001360 2001368 2001376 2001384 2001392 2001400 2001408 2001416 2001424 2001432 
2001440 2001448 2001456 2001464 2001472 2001480 2001488 2001496 2001504 2001512 
2001520 2001528 2001536 2001544 2001552 2001560 2001568 2001576 2001584 2001592 
2001600 2001608 2001616 2001624 2001632 2001640 2001648 2001656 2001664 2001672 
2001680 2001688 2001696 2001704 2001712 2001720 2001728 2001736 2001744 2001752 
2001760 2001768 2001776 2001784 2001792 2001800 2001808 2001816 2001824 2001832 
2001840 2001848 2001856 2001864 2001872 2001880 2001888 2001896 2001904 2001912 
2001920 2001928 2001936 2001944 2001952 2001960 2001968 2001976 2001984 22222

Statistics
Tx Packets: 11
Tx Bytes:   6452
Rx Packets: 2
Rx Bytes:   92
TCP Test
  IP: a.0.1.9
  MAC: 56:34:12:0:54:9
Sender:
  Data: 
 000000 0000008 0000016 0000024 0000032 0000040 0000048 0000056 0000064 0000072 
0000080 0000088 0000096 0000104 0000112 0000120 0000128 0000136 0000144 0000152 
0000160 0000168 0000176 0000184 0000192 0000200 0000208 0000216 0000224 0000232 
0000240 0000248 0000256 0000264 0000272 0000280 0000288 0000296 0000304 0000312 
0000320 0000328 0000336 0000344 0000352 0000360 0000368 0000376 0000384 0000392 
0000400 0000408 0000416 0000424 0000432 0000440 0000448 0000456 0000464 0000472 
0000480 0000488 0000496 0000504 0000512 0000520 0000528 0000536 0000544 0000552 
0000560 0000568 0000576 0000584 0000592 0000600 0000608 0000616 0000624 0000632 
0000640 0000648 0000656 0000664 0000672 0000680 0000688 0000696 0000704 0000712 
0000720 0000728 0000736 0000744 0000752 0000760 0000768 0000776 0000784 0000792 
0000800 0000808 0000816 0000824 0000832 0000840 0000848 0000856 0000864 0000872 
0000880 0000888 0000896 0000904 0000912 0000920 0000928 0000936 0000944 0000952 
0000960 0000968 0000976 0000984 0000992 0001000 0001008 0001016 0001024 0001032 
0001040 0001048 0001056 0001064 0001072 0001080 0001088 0001096 0001104 0001112 
0001120 0001128 0001136 0001144 0001152 0001160 0001168 0001176 0001184 0001192 
0001200 0001208 0001216 0001224 0001232 0001240 0001248 0001256 0001264 0001272 
0001280 0001288 0001296 0001304 0001312 0001320 0001328 0001336 0001344 0001352 
0001360 0001368 0001376 0001384 0001392 0001400 0001408 0001416 0001424 0001432 
0001440 0001448 0001456 0001464 0001472 0001480 0001488 0001496 0001504 0001512 
0001520 0001528 0001536 0001544 0001552 0001560 0001568 0001576 0001584 0001592 
0001600 0001608 0001616 0001624 0001632 0001640 0001648 0001656 0001664 0001672 
0001680 0001688 0001696 0001704 0001712 0001720 0001728 0001736 0001744 0001752 
0001760 0001768 0001776 0001784 0001792 0001800 0001808 0001816 0001824 0001832 
0001840 0001848 0001856 0001864 0001872 0001880 0001888 0001896 0001904 0001912 
0001920 0001928 0001936 0001944 0001952 0001960 0001968 0001976 0001984 00000

  Data: 
 111111 1000008 1000016 1000024 1000032 1000040 1000048 1000056 1000064 1000072 
1000080 1000088 1000096 1000104 1000112 1000120 1000128 1000136 1000144 1000152 
1000160 1000168 1000176 1000184 1000192 1000200 1000208 1000216 1000224 1000232 
1000240 1000248 1000256 1000264 1000272 1000280 1000288 1000296 1000304 1000312 
1000320 1000328 1000336 1000344 1000352 1000360 1000368 1000376 1000384 1000392 
1000400 1000408 1000416 1000424 1000432 1000440 1000448 1000456 1000464 1000472 
1000480 1000488 1000496 1000504 1000512 1000520 1000528 1000536 1000544 1000552 
1000560 1000568 1000576 1000584 1000592 1000600 1000608 1000616 1000624 1000632 
1000640 1000648 1000656 1000664 1000672 1000680 1000688 1000696 1000704 1000712 
1000720 1000728 1000736 1000744 1000752 1000760 1000768 1000776 1000784 1000792 
1000800 1000808 1000816 1000824 1000832 1000840 1000848 1000856 1000864 1000872 
1000880 1000888 1000896 1000904 1000912 1000920 1000928 1000936 1000944 1000952 
1000960 1000968 1000976 1000984 1000992 1001000 1001008 1001016 1001024 1001032 
1001040 1001048 1001056 1001064 1001072 1001080 1001088 1001096 1001104 1001112 
1001120 1001128 1001136 1001144 1001152 1001160 1001168 1001176 1001184 1001192 
1001200 1001208 1001216 1001224 1001232 1001240 1001248 1001256 1001264 1001272 
1001280 1001288 1001296 1001304 1001312 1001320 1001328 1001336 1001344 1001352 
1001360 1001368 1001376 1001384 1001392 1001400 1001408 1001416 1001424 1001432 
1001440 1001448 1001456 1001464 1001472 1001480 1001488 1001496 1001504 1001512 
1001520 1001528 1001536 1001544 1001552 1001560 1001568 1001576 1001584 1001592 
1001600 1001608 1001616 1001624 1001632 1001640 1001648 1001656 1001664 1001672 
1001680 1001688 1001696 1001704 1001712 1001720 1001728 1001736 1001744 1001752 
1001760 1001768 1001776 1001784 1001792 1001800 1001808 1001816 1001824 1001832 
1001840 1001848 1001856 1001864 1001872 1001880 1001888 1001896 1001904 1001912 
1001920 1001928 1001936 1001944 1001952 1001960 1001968 1001976 1001984 11111

  Data: 
 222222 2000008 2000016 2000024 2000032 2000040 2000048 2000056 2000064 2000072 
2000080 2000088 2000096 2000104 2000112 2000120 2000128 2000136 2000144 2000152 
2000160 2000168 2000176 2000184 2000192 2000200 2000208 2000216 2000224 2000232 
2000240 2000248 2000256 2000264 2000272 2000280 2000288 2000296 2000304 2000312 
2000320 2000328 2000336 2000344 2000352 2000360 2000368 2000376 2000384 2000392 
2000400 2000408 2000416 2000424 2000432 2000440 2000448 2000456 2000464 2000472 
2000480 2000488 2000496 2000504 2000512 2000520 2000528 2000536 2000544 2000552 
2000560 2000568 2000576 2000584 2000592 2000600 2000608 2000616 2000624 2000632 
2000640 2000648 2000656 2000664 2000672 2000680 2000688 2000696 2000704 2000712 
2000720 2000728 2000736 2000744 2000752 2000760 2000768 2000776 2000784 2000792 
2000800 2000808 2000816 2000824 2000832 2000840 2000848 2000856 2000864 2000872 
2000880 2000888 2000896 2000904 2000912 2000920 2000928 2000936 2000944 2000952 
2000960 2000968 2000976 2000984 2000992 2001000 2001008 2001016 2001024 2001032 
2001040 2001048 2001056 2001064 2001072 2001080 2001088 2001096 2001104 2001112 
2001120 2001128 2001136 2001144 2001152 2001160 2001168 2001176 2001184 2001192 
2001200 2001208 2001216 2001224 2001232 2001240 2001248 2001256 2001264 2001272 
2001280 2001288 2001296 2001304 2001312 2001320 2001328 2001336 2001344 2001352 
2001360 2001368 2001376 2001384 2001392 2001400 2001408 2001416 2001424 2001432 
2001440 2001448 2001456 2001464 2001472 2001480 2001488 2001496 2001504 2001512 
2001520 2001528 2001536 2001544 2001552 2001560 2001568 2001576 2001584 2001592 
2001600 2001608 2001616 2001624 2001632 2001640 2001648 2001656 2001664 2001672 
2001680 2001688 2001696 2001704 2001712 2001720 2001728 2001736 2001744 2001752 
2001760 2001768 2001776 2001784 2001792 2001800 2001808 2001816 2001824 2001832 
2001840 2001848 2001856 2001864 2001872 2001880 2001888 2001896 2001904 2001912 
2001920 2001928 2001936 2001944 2001952 2001960 2001968 2001976 2001984 22222

Statistics
Tx Packets: 22
Tx Bytes:   12892
Rx Packets: 3
Rx Bytes:   132
The end!
The last thread has exited!
Rebooting the machine ...
